0 info it worked if it ends with ok
1 verbose cli [ 'C:\\Program Files\\nodejs\\node.exe',
1 verbose cli   'C:\\Program Files\\nodejs\\node_modules\\npm\\bin\\npm-cli.js',
1 verbose cli   'install',
1 verbose cli   'node',
1 verbose cli   'index.js' ]
2 info using npm@3.10.10
3 info using node@v6.10.3
4 silly loadCurrentTree Starting
5 silly install loadCurrentTree
6 silly install readLocalPackageData
7 silly fetchPackageMetaData node
8 silly fetchPackageMetaData index.js
9 silly fetchNamedPackageData node
10 silly mapToRegistry name node
11 silly mapToRegistry using default registry
12 silly mapToRegistry registry https://registry.npmjs.org/
13 silly mapToRegistry data Result {
13 silly mapToRegistry   raw: 'node',
13 silly mapToRegistry   scope: null,
13 silly mapToRegistry   escapedName: 'node',
13 silly mapToRegistry   name: 'node',
13 silly mapToRegistry   rawSpec: '',
13 silly mapToRegistry   spec: 'latest',
13 silly mapToRegistry   type: 'tag' }
14 silly mapToRegistry uri https://registry.npmjs.org/node
15 silly fetchOtherPackageData index.js
16 silly cache add args [ 'index.js', null ]
17 verbose cache add spec index.js
18 verbose request uri https://registry.npmjs.org/node
19 verbose request no auth needed
20 info attempt registry request try #1 at 1:26:58 PM
21 verbose request id 38a132207b5af0c8
22 http request GET https://registry.npmjs.org/node
23 silly cache add parsed spec Result {
23 silly cache add   raw: 'index.js',
23 silly cache add   scope: null,
23 silly cache add   escapedName: 'index.js',
23 silly cache add   name: null,
23 silly cache add   rawSpec: 'index.js',
23 silly cache add   spec: 'D:\\IOSMHOEMMY\\smartimuseum\\ServerMuseum\\ibeacons\\webservice\\index.js',
23 silly cache add   type: 'local' }
24 silly addLocalTarball shasum (computed) 24f637c8da4e759b37d5e14ec20ae6fe22bff385
25 verbose addTmpTarball D:\IOSMHOEMMY\smartimuseum\ServerMuseum\ibeacons\webservice\index.js not in flight; adding
26 verbose correctMkdir C:\Users\hmtri\AppData\Roaming\npm-cache correctMkdir not in flight; initializing
27 verbose addTmpTarball validating metadata from D:\IOSMHOEMMY\smartimuseum\ServerMuseum\ibeacons\webservice\index.js
28 verbose tar unpack D:\IOSMHOEMMY\smartimuseum\ServerMuseum\ibeacons\webservice\index.js
29 verbose tar unpacking to C:\Users\hmtri\AppData\Local\Temp\npm-11396-6f8a1337\unpack-65776b95
30 silly gentlyRm C:\Users\hmtri\AppData\Local\Temp\npm-11396-6f8a1337\unpack-65776b95 is being purged
31 verbose gentlyRm don't care about contents; nuking C:\Users\hmtri\AppData\Local\Temp\npm-11396-6f8a1337\unpack-65776b95
32 silly gunzTarPerm modes [ '777', '666' ]
33 error not a package D:\IOSMHOEMMY\smartimuseum\ServerMuseum\ibeacons\webservice\index.js
34 error addLocal Could not install D:\IOSMHOEMMY\smartimuseum\ServerMuseum\ibeacons\webservice\index.js
35 silly fetchPackageMetaData Error: ENOENT: no such file or directory, open 'C:\Users\hmtri\AppData\Local\Temp\npm-11396-6f8a1337\unpack-65776b95\package.json'
35 silly fetchPackageMetaData     at Error (native)
35 silly fetchPackageMetaData  error for index.js { Error: ENOENT: no such file or directory, open 'C:\Users\hmtri\AppData\Local\Temp\npm-11396-6f8a1337\unpack-65776b95\package.json'
35 silly fetchPackageMetaData     at Error (native)
35 silly fetchPackageMetaData   errno: -4058,
35 silly fetchPackageMetaData   code: 'ENOENT',
35 silly fetchPackageMetaData   syscall: 'open',
35 silly fetchPackageMetaData   path: 'C:\\Users\\hmtri\\AppData\\Local\\Temp\\npm-11396-6f8a1337\\unpack-65776b95\\package.json' }
36 http 200 https://registry.npmjs.org/node
37 verbose headers { server: 'nginx/1.10.1',
37 verbose headers   'content-type': 'application/json',
37 verbose headers   'last-modified': 'Tue, 13 Oct 2015 00:37:12 GMT',
37 verbose headers   etag: 'W/"561c5238-43d"',
37 verbose headers   'content-encoding': 'gzip',
37 verbose headers   'cache-control': 'max-age=300',
37 verbose headers   'content-length': '550',
37 verbose headers   'accept-ranges': 'bytes',
37 verbose headers   date: 'Sun, 21 May 2017 06:27:20 GMT',
37 verbose headers   via: '1.1 varnish',
37 verbose headers   age: '0',
37 verbose headers   connection: 'keep-alive',
37 verbose headers   'x-served-by': 'cache-hkg6821-HKG',
37 verbose headers   'x-cache': 'MISS',
37 verbose headers   'x-cache-hits': '0',
37 verbose headers   'x-timer': 'S1495348041.678158,VS0,VE194',
37 verbose headers   vary: 'Accept-Encoding' }
38 silly get cb [ 200,
38 silly get   { server: 'nginx/1.10.1',
38 silly get     'content-type': 'application/json',
38 silly get     'last-modified': 'Tue, 13 Oct 2015 00:37:12 GMT',
38 silly get     etag: 'W/"561c5238-43d"',
38 silly get     'content-encoding': 'gzip',
38 silly get     'cache-control': 'max-age=300',
38 silly get     'content-length': '550',
38 silly get     'accept-ranges': 'bytes',
38 silly get     date: 'Sun, 21 May 2017 06:27:20 GMT',
38 silly get     via: '1.1 varnish',
38 silly get     age: '0',
38 silly get     connection: 'keep-alive',
38 silly get     'x-served-by': 'cache-hkg6821-HKG',
38 silly get     'x-cache': 'MISS',
38 silly get     'x-cache-hits': '0',
38 silly get     'x-timer': 'S1495348041.678158,VS0,VE194',
38 silly get     vary: 'Accept-Encoding' } ]
39 verbose get saving node to C:\Users\hmtri\AppData\Roaming\npm-cache\registry.npmjs.org\node\.cache.json
40 verbose correctMkdir C:\Users\hmtri\AppData\Roaming\npm-cache correctMkdir not in flight; initializing
41 silly rollbackFailedOptional Starting
42 silly rollbackFailedOptional Finishing
43 silly runTopLevelLifecycles Finishing
44 silly install printInstalled
45 verbose stack Error: ENOENT: no such file or directory, open 'C:\Users\hmtri\AppData\Local\Temp\npm-11396-6f8a1337\unpack-65776b95\package.json'
45 verbose stack     at Error (native)
46 verbose cwd D:\IOSMHOEMMY\smartimuseum\ServerMuseum\ibeacons\webservice
47 error Windows_NT 10.0.15063
48 error argv "C:\\Program Files\\nodejs\\node.exe" "C:\\Program Files\\nodejs\\node_modules\\npm\\bin\\npm-cli.js" "install" "node" "index.js"
49 error node v6.10.3
50 error npm  v3.10.10
51 error path C:\Users\hmtri\AppData\Local\Temp\npm-11396-6f8a1337\unpack-65776b95\package.json
52 error code ENOENT
53 error errno -4058
54 error syscall open
55 error enoent ENOENT: no such file or directory, open 'C:\Users\hmtri\AppData\Local\Temp\npm-11396-6f8a1337\unpack-65776b95\package.json'
56 error enoent ENOENT: no such file or directory, open 'C:\Users\hmtri\AppData\Local\Temp\npm-11396-6f8a1337\unpack-65776b95\package.json'
56 error enoent This is most likely not a problem with npm itself
56 error enoent and is related to npm not being able to find a file.
57 verbose exit [ -4058, true ]
